2026-07-10 13:16:39,356 | collectors.china_cdc | INFO | China CDC 1/27 中国疾病预防控制中心
2026-07-10 13:16:41,114 | collectors.china_cdc | INFO | China CDC 2/27 中国疾病预防控制中心
2026-07-10 13:16:42,870 | collectors.china_cdc | INFO | China CDC 3/27 中国疾病预防控制中心
2026-07-10 13:16:49,885 | collectors.china_cdc | INFO | China CDC 4/27 中国疾病预防控制中心
2026-07-10 13:16:56,301 | collectors.china_cdc | INFO | China CDC 5/27 中国疾病预防控制中心
2026-07-10 13:17:01,969 | collectors.china_cdc | INFO | China CDC 6/27 中国疾病预防控制中心
2026-07-10 13:17:08,123 | collectors.china_cdc | INFO | China CDC 7/27 中国疾病预防控制中心
2026-07-10 13:17:15,044 | collectors.china_cdc | INFO | China CDC 8/27 中国疾病预防控制中心
2026-07-10 13:17:21,237 | collectors.china_cdc | INFO | China CDC 9/27 中国疾病预防控制中心
2026-07-10 13:17:29,197 | collectors.china_cdc | INFO | China CDC 10/27 中国疾病预防控制中心
2026-07-10 13:17:35,048 | collectors.china_cdc | INFO | China CDC 11/27 中国疾病预防控制中心
2026-07-10 13:17:41,800 | collectors.china_cdc | INFO | China CDC 12/27 中国疾病预防控制中心
2026-07-10 13:17:48,878 | collectors.china_cdc | INFO | China CDC 13/27 中国疾病预防控制中心
2026-07-10 13:17:54,768 | collectors.china_cdc | INFO | China CDC 14/27 中国疾病预防控制中心
2026-07-10 13:18:01,656 | collectors.china_cdc | INFO | China CDC 15/27 中国疾病预防控制中心
2026-07-10 13:18:03,413 | collectors.china_cdc | INFO | China CDC 16/27 中国疾病预防控制中心
2026-07-10 13:18:05,160 | collectors.china_cdc | INFO | China CDC 17/27 中国疾病预防控制中心
2026-07-10 13:18:06,914 | collectors.china_cdc | INFO | China CDC 18/27 中国疾病预防控制中心
2026-07-10 13:18:08,659 | collectors.china_cdc | INFO | China CDC 19/27 中国疾病预防控制中心
2026-07-10 13:18:10,413 | collectors.china_cdc | INFO | China CDC 20/27 中国疾病预防控制中心
2026-07-10 13:18:12,199 | collectors.china_cdc | INFO | China CDC 21/27 中国疾病预防控制中心
2026-07-10 13:18:14,086 | collectors.china_cdc | INFO | China CDC 22/27 中国疾病预防控制中心
2026-07-10 13:18:15,860 | collectors.china_cdc | INFO | China CDC 23/27 中国疾病预防控制中心
2026-07-10 13:18:17,627 | collectors.china_cdc | INFO | China CDC 24/27 中国疾病预防控制中心
2026-07-10 13:18:19,359 | collectors.china_cdc | INFO | China CDC 25/27 中国疾病预防控制中心
2026-07-10 13:18:21,086 | collectors.china_cdc | INFO | China CDC 26/27 中国疾病预防控制中心
2026-07-10 13:18:22,847 | collectors.china_cdc | INFO | China CDC 27/27 中国疾病预防控制中心
2026-07-10 13:20:15,192 | collectors.who | INFO | WHO 未配置指标，跳过。可使用 --indicators 指定。
2026-07-10 13:20:27,722 | collectors.world_bank | INFO | World Bank 已保存 1560 行: D:\大学学习\计算机专业课\专业实习\程序\disease_trend_platform_starter\disease_trend_platform\data\raw\world_bank\world_bank_2020_2025.csv
2026-07-10 13:20:49,589 | collectors.who | INFO | WHO 未配置指标，跳过。可使用 --indicators 指定。
2026-07-11 08:58:12,083 | collectors.open_meteo | INFO | Open-Meteo complete file exists: F:\PyCharmProjects\disease_trend_platform_5\data\raw\open_meteo\CHN\open_meteo_CHN_2020.csv
2026-07-11 08:58:12,083 | collectors.open_meteo | INFO | Open-Meteo complete file exists: F:\PyCharmProjects\disease_trend_platform_5\data\raw\open_meteo\CHN\open_meteo_CHN_2021.csv
2026-07-11 08:58:12,083 | collectors.open_meteo | INFO | Open-Meteo complete file exists: F:\PyCharmProjects\disease_trend_platform_5\data\raw\open_meteo\USA\open_meteo_USA_2020.csv
2026-07-11 08:58:12,084 | collectors.open_meteo | INFO | Open-Meteo complete file exists: F:\PyCharmProjects\disease_trend_platform_5\data\raw\open_meteo\USA\open_meteo_USA_2021.csv
2026-07-11 08:58:12,084 | collectors.open_meteo | INFO | Open-Meteo complete file exists: F:\PyCharmProjects\disease_trend_platform_5\data\raw\open_meteo\GBR\open_meteo_GBR_2020.csv
2026-07-11 08:58:12,084 | collectors.open_meteo | INFO | Open-Meteo complete file exists: F:\PyCharmProjects\disease_trend_platform_5\data\raw\open_meteo\GBR\open_meteo_GBR_2021.csv
2026-07-11 08:58:13,179 | collectors.open_meteo | INFO | Open-Meteo saved: data/raw/open_meteo/FRA/open_meteo_FRA_2020.csv
2026-07-11 08:58:16,547 | collectors.open_meteo | INFO | Open-Meteo saved: data/raw/open_meteo/FRA/open_meteo_FRA_2021.csv
2026-07-11 08:58:58,270 | collectors.open_meteo | INFO | Open-Meteo complete file exists: F:\PyCharmProjects\disease_trend_platform_5\data\raw\open_meteo\CHN\open_meteo_CHN_2020.csv
2026-07-11 08:58:58,270 | collectors.open_meteo | INFO | Open-Meteo complete file exists: F:\PyCharmProjects\disease_trend_platform_5\data\raw\open_meteo\CHN\open_meteo_CHN_2021.csv
2026-07-11 08:58:58,270 | collectors.open_meteo | INFO | Open-Meteo complete file exists: F:\PyCharmProjects\disease_trend_platform_5\data\raw\open_meteo\USA\open_meteo_USA_2020.csv
2026-07-11 08:58:58,271 | collectors.open_meteo | INFO | Open-Meteo complete file exists: F:\PyCharmProjects\disease_trend_platform_5\data\raw\open_meteo\USA\open_meteo_USA_2021.csv
2026-07-11 08:58:58,271 | collectors.open_meteo | INFO | Open-Meteo complete file exists: F:\PyCharmProjects\disease_trend_platform_5\data\raw\open_meteo\GBR\open_meteo_GBR_2020.csv
2026-07-11 08:58:58,271 | collectors.open_meteo | INFO | Open-Meteo complete file exists: F:\PyCharmProjects\disease_trend_platform_5\data\raw\open_meteo\GBR\open_meteo_GBR_2021.csv
2026-07-11 08:58:58,271 | collectors.open_meteo | INFO | Open-Meteo complete file exists: F:\PyCharmProjects\disease_trend_platform_5\data\raw\open_meteo\FRA\open_meteo_FRA_2020.csv
2026-07-11 08:58:58,271 | collectors.open_meteo | INFO | Open-Meteo complete file exists: F:\PyCharmProjects\disease_trend_platform_5\data\raw\open_meteo\FRA\open_meteo_FRA_2021.csv
2026-07-11 08:59:13,315 | collectors.open_meteo | INFO | Open-Meteo complete file exists: F:\PyCharmProjects\disease_trend_platform_5\data\raw\open_meteo\CHN\open_meteo_CHN_2020.csv
2026-07-11 08:59:13,316 | collectors.open_meteo | INFO | Open-Meteo complete file exists: F:\PyCharmProjects\disease_trend_platform_5\data\raw\open_meteo\CHN\open_meteo_CHN_2021.csv
2026-07-11 08:59:13,316 | collectors.open_meteo | INFO | Open-Meteo complete file exists: F:\PyCharmProjects\disease_trend_platform_5\data\raw\open_meteo\USA\open_meteo_USA_2020.csv
2026-07-11 08:59:13,316 | collectors.open_meteo | INFO | Open-Meteo complete file exists: F:\PyCharmProjects\disease_trend_platform_5\data\raw\open_meteo\USA\open_meteo_USA_2021.csv
2026-07-11 08:59:13,316 | collectors.open_meteo | INFO | Open-Meteo complete file exists: F:\PyCharmProjects\disease_trend_platform_5\data\raw\open_meteo\GBR\open_meteo_GBR_2020.csv
2026-07-11 08:59:13,317 | collectors.open_meteo | INFO | Open-Meteo complete file exists: F:\PyCharmProjects\disease_trend_platform_5\data\raw\open_meteo\GBR\open_meteo_GBR_2021.csv
2026-07-11 08:59:13,317 | collectors.open_meteo | INFO | Open-Meteo complete file exists: F:\PyCharmProjects\disease_trend_platform_5\data\raw\open_meteo\FRA\open_meteo_FRA_2020.csv
2026-07-11 08:59:13,317 | collectors.open_meteo | INFO | Open-Meteo complete file exists: F:\PyCharmProjects\disease_trend_platform_5\data\raw\open_meteo\FRA\open_meteo_FRA_2021.csv
2026-07-11 08:59:14,294 | collectors.open_meteo | INFO | Open-Meteo saved: data/raw/open_meteo/DEU/open_meteo_DEU_2020.csv
2026-07-11 08:59:16,719 | collectors.open_meteo | INFO | Open-Meteo saved: data/raw/open_meteo/DEU/open_meteo_DEU_2021.csv
2026-07-11 08:59:19,150 | collectors.open_meteo | INFO | Open-Meteo saved: data/raw/open_meteo/ITA/open_meteo_ITA_2020.csv
2026-07-11 08:59:21,998 | collectors.open_meteo | INFO | Open-Meteo saved: data/raw/open_meteo/ITA/open_meteo_ITA_2021.csv
2026-07-11 08:59:24,562 | collectors.open_meteo | INFO | Open-Meteo saved: data/raw/open_meteo/ESP/open_meteo_ESP_2020.csv
2026-07-11 08:59:27,012 | collectors.open_meteo | INFO | Open-Meteo saved: data/raw/open_meteo/ESP/open_meteo_ESP_2021.csv
2026-07-11 08:59:30,669 | collectors.open_meteo | INFO | Open-Meteo saved: data/raw/open_meteo/RUS/open_meteo_RUS_2020.csv
2026-07-11 08:59:33,145 | collectors.open_meteo | INFO | Open-Meteo saved: data/raw/open_meteo/RUS/open_meteo_RUS_2021.csv
2026-07-11 08:59:35,824 | collectors.open_meteo | INFO | Open-Meteo saved: data/raw/open_meteo/IND/open_meteo_IND_2020.csv
2026-07-11 08:59:38,811 | collectors.open_meteo | INFO | Open-Meteo saved: data/raw/open_meteo/IND/open_meteo_IND_2021.csv
2026-07-11 08:59:41,488 | collectors.open_meteo | INFO | Open-Meteo saved: data/raw/open_meteo/BRA/open_meteo_BRA_2020.csv
2026-07-11 08:59:43,963 | collectors.open_meteo | INFO | Open-Meteo saved: data/raw/open_meteo/BRA/open_meteo_BRA_2021.csv
2026-07-11 08:59:46,574 | collectors.open_meteo | INFO | Open-Meteo saved: data/raw/open_meteo/JPN/open_meteo_JPN_2020.csv
2026-07-11 08:59:51,314 | collectors.open_meteo | INFO | Open-Meteo saved: data/raw/open_meteo/JPN/open_meteo_JPN_2021.csv
2026-07-11 08:59:53,795 | collectors.open_meteo | INFO | Open-Meteo saved: data/raw/open_meteo/KOR/open_meteo_KOR_2020.csv
2026-07-11 08:59:56,653 | collectors.open_meteo | INFO | Open-Meteo saved: data/raw/open_meteo/KOR/open_meteo_KOR_2021.csv
2026-07-11 08:59:59,943 | collectors.open_meteo | INFO | Open-Meteo saved: data/raw/open_meteo/CAN/open_meteo_CAN_2020.csv
2026-07-11 09:00:02,764 | collectors.open_meteo | INFO | Open-Meteo saved: data/raw/open_meteo/CAN/open_meteo_CAN_2021.csv
2026-07-11 09:00:05,234 | collectors.open_meteo | INFO | Open-Meteo saved: data/raw/open_meteo/AUS/open_meteo_AUS_2020.csv
2026-07-11 09:00:08,149 | collectors.open_meteo | INFO | Open-Meteo saved: data/raw/open_meteo/AUS/open_meteo_AUS_2021.csv
2026-07-11 09:00:21,270 | collectors.who | INFO | WHO 未配置指标，跳过。可使用 --indicators 指定。
2026-07-11 09:05:20,852 | collectors.who | INFO | WHO 未配置指标，跳过采集。可通过 --indicators 或 --disease 指定。
